<?xml version="1.0" encoding="UTF-8"?>
<!-- Generated by org.testng.reporters.JUnitXMLReporter -->
<testsuite ignored="0" hostname="LTIN275801" failures="0" tests="19" name="Default test" time="0.326" errors="0" timestamp="2024-02-28T12:06:15 IST">
  <testcase classname="Base_Page.Test_Base" name="@BeforeClass Setup_Browser" time="-1.709102175037E9">
    <failure type="org.testng.TestNGException" message="
Parameter &amp;apos;browser&amp;apos; is required by BeforeClass on method Setup_Browser but has not been marked @Optional or defined
in C:\Users\2303891\AppData\Local\Temp\1\testng-eclipse--705035035\testng-customsuite.xml">
      <![CDATA[org.testng.TestNGException: 
Parameter 'browser' is required by BeforeClass on method Setup_Browser but has not been marked @Optional or defined
in C:\Users\2303891\AppData\Local\Temp\1\testng-eclipse--705035035\testng-customsuite.xml
at org.testng.internal.Parameters.createParams(Parameters.java:267)
at org.testng.internal.Parameters.createParametersForMethod(Parameters.java:355)
at org.testng.internal.Parameters.createParameters(Parameters.java:693)
at org.testng.internal.Parameters.createConfigurationParameters(Parameters.java:166)
at org.testng.internal.invokers.ConfigInvoker.invokeConfigurations(ConfigInvoker.java:306)
at org.testng.internal.invokers.TestMethodWorker.invokeBeforeClassMethods(TestMethodWorker.java:180)
at org.testng.internal.invokers.TestMethodWorker.run(TestMethodWorker.java:122)
at java.base/java.util.ArrayList.forEach(ArrayList.java:1511)
at org.testng.TestRunner.privateRun(TestRunner.java:819)
at org.testng.TestRunner.run(TestRunner.java:619)
at org.testng.SuiteRunner.runTest(SuiteRunner.java:443)
at org.testng.SuiteRunner.runSequentially(SuiteRunner.java:437)
at org.testng.SuiteRunner.privateRun(SuiteRunner.java:397)
at org.testng.SuiteRunner.run(SuiteRunner.java:336)
at org.testng.SuiteRunnerWorker.runSuite(SuiteRunnerWorker.java:52)
at org.testng.SuiteRunnerWorker.run(SuiteRunnerWorker.java:95)
at org.testng.TestNG.runSuitesSequentially(TestNG.java:1301)
at org.testng.TestNG.runSuitesLocally(TestNG.java:1228)
at org.testng.TestNG.runSuites(TestNG.java:1134)
at org.testng.TestNG.run(TestNG.java:1101)
at org.testng.remote.AbstractRemoteTestNG.run(AbstractRemoteTestNG.java:115)
at org.testng.remote.RemoteTestNG.initAndRun(RemoteTestNG.java:251)
at org.testng.remote.RemoteTestNG.main(RemoteTestNG.java:77)
]]>
    </failure>
  </testcase> <!-- @BeforeClass Setup_Browser -->
  <testcase classname="Base_Page.Test_Base" name="@AfterClass tearDown" time="0.0">
    <skipped/>
  </testcase> <!-- @AfterClass tearDown -->
  <testcase classname="Test_Cases.Finding_Hospitals" name="Search_City" time="0.001">
    <skipped/>
  </testcase> <!-- Search_City -->
  <testcase classname="Test_Cases.Finding_Hospitals" name="Search_Dentists" time="0.001">
    <skipped/>
  </testcase> <!-- Search_Dentists -->
  <testcase classname="Test_Cases.Finding_Hospitals" name="select_PatientStories" time="0.0">
    <skipped/>
  </testcase> <!-- select_PatientStories -->
  <testcase classname="Test_Cases.Finding_Hospitals" name="select_Experience" time="0.0">
    <skipped/>
  </testcase> <!-- select_Experience -->
  <testcase classname="Test_Cases.Finding_Hospitals" name="applyFilters" time="0.0">
    <skipped/>
  </testcase> <!-- applyFilters -->
  <testcase classname="Test_Cases.Finding_Hospitals" name="applyFilters_1" time="0.0">
    <skipped/>
  </testcase> <!-- applyFilters_1 -->
  <testcase classname="Test_Cases.Finding_Hospitals" name="applyFilters_2" time="0.0">
    <skipped/>
  </testcase> <!-- applyFilters_2 -->
  <testcase classname="Test_Cases.Finding_Hospitals" name="get_DoctorDetails" time="0.0">
    <skipped/>
  </testcase> <!-- get_DoctorDetails -->
  <testcase classname="Test_Cases.Finding_Hospitals" name="navigateToSurgeries" time="0.0">
    <skipped/>
  </testcase> <!-- navigateToSurgeries -->
  <testcase classname="Test_Cases.Finding_Hospitals" name="ScrollToSurgeries" time="0.0">
    <skipped/>
  </testcase> <!-- ScrollToSurgeries -->
  <testcase classname="Test_Cases.Finding_Hospitals" name="sugeryNames" time="0.0">
    <skipped/>
  </testcase> <!-- sugeryNames -->
  <testcase classname="Test_Cases.Finding_Hospitals" name="ScrollToTop" time="0.0">
    <skipped/>
  </testcase> <!-- ScrollToTop -->
  <testcase classname="Test_Cases.Finding_Hospitals" name="navigatioToHealth_Page" time="0.0">
    <skipped/>
  </testcase> <!-- navigatioToHealth_Page -->
  <testcase classname="Test_Cases.Finding_Hospitals" name="scrollToDemoBtn" time="0.0">
    <skipped/>
  </testcase> <!-- scrollToDemoBtn -->
  <testcase classname="Test_Cases.Finding_Hospitals" name="verifyDemoBtn_1" time="0.0">
    <skipped/>
  </testcase> <!-- verifyDemoBtn_1 -->
  <testcase classname="Test_Cases.Finding_Hospitals" name="ClickDemoBtn" time="0.0">
    <skipped/>
  </testcase> <!-- ClickDemoBtn -->
  <testcase classname="Test_Cases.Finding_Hospitals" name="ClearingData" time="0.001">
    <skipped/>
  </testcase> <!-- ClearingData -->
  <testcase classname="Test_Cases.Finding_Hospitals" name="verifyDemoBtn_2" time="0.0">
    <skipped/>
  </testcase> <!-- verifyDemoBtn_2 -->
  <testcase classname="Test_Cases.Finding_Hospitals" name="Verify_ResultMsg" time="0.0">
    <skipped/>
  </testcase> <!-- Verify_ResultMsg -->
</testsuite> <!-- Default test -->
